
added 82 packages, and audited 83 packages in 10s

21 packages are looking for funding
  run `npm fund` for details

found 0 vulnerabilities
npm notice
npm notice New major version of npm available! 10.9.3 -> 11.7.0
npm notice Changelog: https://github.com/npm/cli/releases/tag/v11.7.0
npm notice To update run: npm install -g npm@11.7.0
npm notice

> build
> vite build

vite v6.4.1 building for production...
✓ 0 modules transformed.
✗ Build failed in 32ms
error during build:
Could not resolve entry module "index.html".
    at getRollupError (file:///home/u427155095/domains/webinizadev.com/public_html/.builds/source/repository/webinizadev/node_modules/rollup/dist/es/shared/parseAst.js:401:41)
    at error (file:///home/u427155095/domains/webinizadev.com/public_html/.builds/source/repository/webinizadev/node_modules/rollup/dist/es/shared/parseAst.js:397:42)
    at ModuleLoader.loadEntryModule (file:///home/u427155095/domains/webinizadev.com/public_html/.builds/source/repository/webinizadev/node_modules/rollup/dist/es/shared/node-entry.js:21682:20)
    at async Promise.all (index 0)
[31mERROR: Failed to build the application[0m
